{"C:\\Users\\Emre\\Desktop\\WebLocal\\odev05\\src\\client\\Game.jsx": {"path":"C:\\Users\\Emre\\Desktop\\WebLocal\\odev05\\src\\client\\Game.jsx","statementMap":{"0":{"start":{"line":7,"column":4},"end":{"line":7,"column":17}},"1":{"start":{"line":8,"column":4},"end":{"line":14,"column":5}},"2":{"start":{"line":18,"column":12},"end":{"line":47,"column":3}},"3":{"start":{"line":19,"column":57},"end":{"line":19,"column":67}},"4":{"start":{"line":21,"column":4},"end":{"line":46,"column":5}},"5":{"start":{"line":22,"column":23},"end":{"line":22,"column":32}},"6":{"start":{"line":25,"column":6},"end":{"line":33,"column":7}},"7":{"start":{"line":26,"column":8},"end":{"line":26,"column":41}},"8":{"start":{"line":27,"column":8},"end":{"line":27,"column":31}},"9":{"start":{"line":29,"column":8},"end":{"line":29,"column":42}},"10":{"start":{"line":30,"column":8},"end":{"line":32,"column":9}},"11":{"start":{"line":31,"column":10},"end":{"line":31,"column":34}},"12":{"start":{"line":34,"column":6},"end":{"line":38,"column":9}},"13":{"start":{"line":40,"column":6},"end":{"line":44,"column":7}},"14":{"start":{"line":41,"column":8},"end":{"line":43,"column":10}},"15":{"start":{"line":49,"column":13},"end":{"line":57,"column":3}},"16":{"start":{"line":50,"column":4},"end":{"line":56,"column":6}},"17":{"start":{"line":60,"column":28},"end":{"line":60,"column":38}},"18":{"start":{"line":61,"column":4},"end":{"line":75,"column":6}},"19":{"start":{"line":65,"column":61},"end":{"line":65,"column":76}},"20":{"start":{"line":66,"column":61},"end":{"line":66,"column":76}},"21":{"start":{"line":67,"column":61},"end":{"line":67,"column":76}}},"fnMap":{"0":{"name":"(anonymous_0)","decl":{"start":{"line":6,"column":2},"end":{"line":6,"column":3}},"loc":{"start":{"line":6,"column":21},"end":{"line":15,"column":3}},"line":6},"1":{"name":"(anonymous_1)","decl":{"start":{"line":18,"column":12},"end":{"line":18,"column":13}},"loc":{"start":{"line":18,"column":23},"end":{"line":47,"column":3}},"line":18},"2":{"name":"(anonymous_2)","decl":{"start":{"line":49,"column":13},"end":{"line":49,"column":14}},"loc":{"start":{"line":49,"column":19},"end":{"line":57,"column":3}},"line":49},"3":{"name":"(anonymous_3)","decl":{"start":{"line":59,"column":2},"end":{"line":59,"column":3}},"loc":{"start":{"line":59,"column":11},"end":{"line":76,"column":3}},"line":59},"4":{"name":"(anonymous_4)","decl":{"start":{"line":65,"column":53},"end":{"line":65,"column":54}},"loc":{"start":{"line":65,"column":59},"end":{"line":65,"column":78}},"line":65},"5":{"name":"(anonymous_5)","decl":{"start":{"line":66,"column":53},"end":{"line":66,"column":54}},"loc":{"start":{"line":66,"column":59},"end":{"line":66,"column":78}},"line":66},"6":{"name":"(anonymous_6)","decl":{"start":{"line":67,"column":53},"end":{"line":67,"column":54}},"loc":{"start":{"line":67,"column":59},"end":{"line":67,"column":78}},"line":67}},"branchMap":{"0":{"loc":{"start":{"line":21,"column":4},"end":{"line":46,"column":5}},"type":"if","locations":[{"start":{"line":21,"column":4},"end":{"line":46,"column":5}},{"start":{},"end":{}}],"line":21},"1":{"loc":{"start":{"line":25,"column":6},"end":{"line":33,"column":7}},"type":"if","locations":[{"start":{"line":25,"column":6},"end":{"line":33,"column":7}},{"start":{"line":28,"column":13},"end":{"line":33,"column":7}}],"line":25},"2":{"loc":{"start":{"line":30,"column":8},"end":{"line":32,"column":9}},"type":"if","locations":[{"start":{"line":30,"column":8},"end":{"line":32,"column":9}},{"start":{},"end":{}}],"line":30},"3":{"loc":{"start":{"line":40,"column":6},"end":{"line":44,"column":7}},"type":"if","locations":[{"start":{"line":40,"column":6},"end":{"line":44,"column":7}},{"start":{},"end":{}}],"line":40},"4":{"loc":{"start":{"line":69,"column":14},"end":{"line":69,"column":85}},"type":"cond-expr","locations":[{"start":{"line":69,"column":22},"end":{"line":69,"column":27}},{"start":{"line":69,"column":30},"end":{"line":69,"column":85}}],"line":69},"5":{"loc":{"start":{"line":70,"column":11},"end":{"line":72,"column":14}},"type":"binary-expr","locations":[{"start":{"line":70,"column":11},"end":{"line":70,"column":16}},{"start":{"line":70,"column":20},"end":{"line":72,"column":14}}],"line":70}},"s":{"0":1,"1":1,"2":1,"3":0,"4":0,"5":0,"6":0,"7":0,"8":0,"9":0,"10":0,"11":0,"12":0,"13":0,"14":0,"15":1,"16":0,"17":1,"18":1,"19":0,"20":0,"21":0},"f":{"0":1,"1":0,"2":0,"3":1,"4":0,"5":0,"6":0},"b":{"0":[0,0],"1":[0,0],"2":[0,0],"3":[0,0],"4":[0,1],"5":[1,0]},"_coverageSchema":"1a1c01bbd47fc00a2c39e90264f33305004495a9","hash":"29c49a784c7817bd3d49c7856143c9715e6aea7d"}
,"C:\\Users\\Emre\\Desktop\\WebLocal\\odev05\\src\\client\\home.jsx": {"path":"C:\\Users\\Emre\\Desktop\\WebLocal\\odev05\\src\\client\\home.jsx","statementMap":{"0":{"start":{"line":7,"column":8},"end":{"line":16,"column":10}}},"fnMap":{"0":{"name":"(anonymous_0)","decl":{"start":{"line":6,"column":4},"end":{"line":6,"column":5}},"loc":{"start":{"line":6,"column":13},"end":{"line":17,"column":5}},"line":6}},"branchMap":{},"s":{"0":0},"f":{"0":0},"b":{}}
,"C:\\Users\\Emre\\Desktop\\WebLocal\\odev05\\src\\client\\index.jsx": {"path":"C:\\Users\\Emre\\Desktop\\WebLocal\\odev05\\src\\client\\index.jsx","statementMap":{"0":{"start":{"line":8,"column":15},"end":{"line":17,"column":1}},"1":{"start":{"line":9,"column":4},"end":{"line":16,"column":5}},"2":{"start":{"line":21,"column":8},"end":{"line":29,"column":10}},"3":{"start":{"line":32,"column":0},"end":{"line":32,"column":58}}},"fnMap":{"0":{"name":"(anonymous_0)","decl":{"start":{"line":8,"column":15},"end":{"line":8,"column":16}},"loc":{"start":{"line":8,"column":19},"end":{"line":17,"column":1}},"line":8},"1":{"name":"(anonymous_1)","decl":{"start":{"line":20,"column":4},"end":{"line":20,"column":5}},"loc":{"start":{"line":20,"column":13},"end":{"line":30,"column":5}},"line":20}},"branchMap":{},"s":{"0":0,"1":0,"2":0,"3":0},"f":{"0":0,"1":0},"b":{}}
,"C:\\Users\\Emre\\Desktop\\WebLocal\\odev05\\src\\server\\server.js": {"path":"C:\\Users\\Emre\\Desktop\\WebLocal\\odev05\\src\\server\\server.js","statementMap":{"0":{"start":{"line":1,"column":14},"end":{"line":1,"column":32}},"1":{"start":{"line":2,"column":13},"end":{"line":2,"column":28}},"2":{"start":{"line":4,"column":10},"end":{"line":4,"column":19}},"3":{"start":{"line":6,"column":0},"end":{"line":6,"column":34}},"4":{"start":{"line":8,"column":0},"end":{"line":10,"column":2}},"5":{"start":{"line":9,"column":4},"end":{"line":9,"column":73}},"6":{"start":{"line":12,"column":11},"end":{"line":12,"column":35}},"7":{"start":{"line":14,"column":0},"end":{"line":16,"column":2}},"8":{"start":{"line":15,"column":4},"end":{"line":15,"column":39}}},"fnMap":{"0":{"name":"(anonymous_0)","decl":{"start":{"line":8,"column":8},"end":{"line":8,"column":9}},"loc":{"start":{"line":8,"column":24},"end":{"line":10,"column":1}},"line":8},"1":{"name":"(anonymous_1)","decl":{"start":{"line":14,"column":16},"end":{"line":14,"column":17}},"loc":{"start":{"line":14,"column":20},"end":{"line":16,"column":1}},"line":14}},"branchMap":{"0":{"loc":{"start":{"line":12,"column":11},"end":{"line":12,"column":35}},"type":"binary-expr","locations":[{"start":{"line":12,"column":11},"end":{"line":12,"column":27}},{"start":{"line":12,"column":31},"end":{"line":12,"column":35}}],"line":12}},"s":{"0":0,"1":0,"2":0,"3":0,"4":0,"5":0,"6":0,"7":0,"8":0},"f":{"0":0,"1":0},"b":{"0":[0,0]}}
}
