{"C:\\Users\\Emre\\Desktop\\WebLocal\\odev04\\src\\Game.jsx": {"path":"C:\\Users\\Emre\\Desktop\\WebLocal\\odev04\\src\\Game.jsx","statementMap":{"0":{"start":{"line":6,"column":4},"end":{"line":6,"column":17}},"1":{"start":{"line":7,"column":4},"end":{"line":13,"column":5}},"2":{"start":{"line":17,"column":12},"end":{"line":46,"column":3}},"3":{"start":{"line":18,"column":57},"end":{"line":18,"column":67}},"4":{"start":{"line":20,"column":4},"end":{"line":45,"column":5}},"5":{"start":{"line":21,"column":23},"end":{"line":21,"column":32}},"6":{"start":{"line":24,"column":6},"end":{"line":32,"column":7}},"7":{"start":{"line":25,"column":8},"end":{"line":25,"column":41}},"8":{"start":{"line":26,"column":8},"end":{"line":26,"column":31}},"9":{"start":{"line":28,"column":8},"end":{"line":28,"column":42}},"10":{"start":{"line":29,"column":8},"end":{"line":31,"column":9}},"11":{"start":{"line":30,"column":10},"end":{"line":30,"column":34}},"12":{"start":{"line":33,"column":6},"end":{"line":37,"column":9}},"13":{"start":{"line":39,"column":6},"end":{"line":43,"column":7}},"14":{"start":{"line":40,"column":8},"end":{"line":42,"column":10}},"15":{"start":{"line":48,"column":13},"end":{"line":56,"column":3}},"16":{"start":{"line":49,"column":4},"end":{"line":55,"column":6}},"17":{"start":{"line":59,"column":28},"end":{"line":59,"column":38}},"18":{"start":{"line":60,"column":4},"end":{"line":74,"column":6}},"19":{"start":{"line":64,"column":61},"end":{"line":64,"column":76}},"20":{"start":{"line":65,"column":61},"end":{"line":65,"column":76}},"21":{"start":{"line":66,"column":61},"end":{"line":66,"column":76}}},"fnMap":{"0":{"name":"(anonymous_0)","decl":{"start":{"line":5,"column":2},"end":{"line":5,"column":3}},"loc":{"start":{"line":5,"column":21},"end":{"line":14,"column":3}},"line":5},"1":{"name":"(anonymous_1)","decl":{"start":{"line":17,"column":12},"end":{"line":17,"column":13}},"loc":{"start":{"line":17,"column":23},"end":{"line":46,"column":3}},"line":17},"2":{"name":"(anonymous_2)","decl":{"start":{"line":48,"column":13},"end":{"line":48,"column":14}},"loc":{"start":{"line":48,"column":19},"end":{"line":56,"column":3}},"line":48},"3":{"name":"(anonymous_3)","decl":{"start":{"line":58,"column":2},"end":{"line":58,"column":3}},"loc":{"start":{"line":58,"column":11},"end":{"line":75,"column":3}},"line":58},"4":{"name":"(anonymous_4)","decl":{"start":{"line":64,"column":53},"end":{"line":64,"column":54}},"loc":{"start":{"line":64,"column":59},"end":{"line":64,"column":78}},"line":64},"5":{"name":"(anonymous_5)","decl":{"start":{"line":65,"column":53},"end":{"line":65,"column":54}},"loc":{"start":{"line":65,"column":59},"end":{"line":65,"column":78}},"line":65},"6":{"name":"(anonymous_6)","decl":{"start":{"line":66,"column":53},"end":{"line":66,"column":54}},"loc":{"start":{"line":66,"column":59},"end":{"line":66,"column":78}},"line":66}},"branchMap":{"0":{"loc":{"start":{"line":20,"column":4},"end":{"line":45,"column":5}},"type":"if","locations":[{"start":{"line":20,"column":4},"end":{"line":45,"column":5}},{"start":{},"end":{}}],"line":20},"1":{"loc":{"start":{"line":24,"column":6},"end":{"line":32,"column":7}},"type":"if","locations":[{"start":{"line":24,"column":6},"end":{"line":32,"column":7}},{"start":{"line":27,"column":13},"end":{"line":32,"column":7}}],"line":24},"2":{"loc":{"start":{"line":29,"column":8},"end":{"line":31,"column":9}},"type":"if","locations":[{"start":{"line":29,"column":8},"end":{"line":31,"column":9}},{"start":{},"end":{}}],"line":29},"3":{"loc":{"start":{"line":39,"column":6},"end":{"line":43,"column":7}},"type":"if","locations":[{"start":{"line":39,"column":6},"end":{"line":43,"column":7}},{"start":{},"end":{}}],"line":39},"4":{"loc":{"start":{"line":68,"column":14},"end":{"line":68,"column":85}},"type":"cond-expr","locations":[{"start":{"line":68,"column":22},"end":{"line":68,"column":27}},{"start":{"line":68,"column":30},"end":{"line":68,"column":85}}],"line":68},"5":{"loc":{"start":{"line":69,"column":11},"end":{"line":71,"column":14}},"type":"binary-expr","locations":[{"start":{"line":69,"column":11},"end":{"line":69,"column":16}},{"start":{"line":69,"column":20},"end":{"line":71,"column":14}}],"line":69}},"s":{"0":1,"1":1,"2":1,"3":3,"4":3,"5":2,"6":2,"7":0,"8":0,"9":2,"10":2,"11":1,"12":2,"13":2,"14":1,"15":1,"16":1,"17":4,"18":4,"19":1,"20":1,"21":1},"f":{"0":1,"1":3,"2":1,"3":4,"4":1,"5":1,"6":1},"b":{"0":[2,1],"1":[0,2],"2":[1,1],"3":[1,1],"4":[1,3],"5":[4,1]},"_coverageSchema":"1a1c01bbd47fc00a2c39e90264f33305004495a9","hash":"54901958fadfc27047f324348d278179bf56f6cc"}
,"C:\\Users\\Emre\\Desktop\\WebLocal\\odev04\\src\\index.jsx": {"path":"C:\\Users\\Emre\\Desktop\\WebLocal\\odev04\\src\\index.jsx","statementMap":{"0":{"start":{"line":7,"column":8},"end":{"line":11,"column":10}},"1":{"start":{"line":14,"column":0},"end":{"line":14,"column":58}}},"fnMap":{"0":{"name":"(anonymous_0)","decl":{"start":{"line":6,"column":4},"end":{"line":6,"column":5}},"loc":{"start":{"line":6,"column":13},"end":{"line":12,"column":5}},"line":6}},"branchMap":{},"s":{"0":0,"1":0},"f":{"0":0},"b":{}}
}
